Analysis & Synthesis report for MIPS
Tue Nov 22 17:42:07 2022
Quartus Prime Version 20.1.0 Build 711 06/05/2020 SJ Lite Edition


---------------------
; Table of Contents ;
---------------------
  1. Legal Notice
  2. Analysis & Synthesis Summary
  3. Analysis & Synthesis Settings
  4. Parallel Compilation
  5. Analysis & Synthesis Messages



----------------
; Legal Notice ;
----------------
Copyright (C) 2020  Intel Corporation. All rights reserved.
Your use of Intel Corporation's design tools, logic functions 
and other software and tools, and any partner logic 
functions, and any output files from any of the foregoing 
(including device programming or simulation files), and any 
associated documentation or information are expressly subject 
to the terms and conditions of the Intel Program License 
Subscription Agreement, the Intel Quartus Prime License Agreement,
the Intel FPGA IP License Agreement, or other applicable license
agreement, including, without limitation, that your use is for
the sole purpose of programming logic devices manufactured by
Intel and sold by Intel or its authorized distributors.  Please
refer to the applicable agreement for further details, at
https://fpgasoftware.intel.com/eula.



+---------------------------------------------------------------------------+
; Analysis & Synthesis Summary                                              ;
+-----------------------------+---------------------------------------------+
; Analysis & Synthesis Status ; Failed - Tue Nov 22 17:42:07 2022           ;
; Quartus Prime Version       ; 20.1.0 Build 711 06/05/2020 SJ Lite Edition ;
; Revision Name               ; MIPS                                        ;
; Top-level Entity Name       ; MIPS                                        ;
; Family                      ; Cyclone V                                   ;
; Logic utilization (in ALMs) ; N/A until Partition Merge                   ;
; Total registers             ; N/A until Partition Merge                   ;
; Total pins                  ; N/A until Partition Merge                   ;
; Total virtual pins          ; N/A until Partition Merge                   ;
; Total block memory bits     ; N/A until Partition Merge                   ;
; Total PLLs                  ; N/A until Partition Merge                   ;
; Total DLLs                  ; N/A until Partition Merge                   ;
+-----------------------------+---------------------------------------------+


+---------------------------------------------------------------------------------------------------------------------------+
; Analysis & Synthesis Settings                                                                                             ;
+---------------------------------------------------------------------------------+--------------------+--------------------+
; Option                                                                          ; Setting            ; Default Value      ;
+---------------------------------------------------------------------------------+--------------------+--------------------+
; Device                                                                          ; 5CEBA4F23C7        ;                    ;
; Top-level entity name                                                           ; MIPS               ; MIPS               ;
; Family name                                                                     ; Cyclone V          ; Cyclone V          ;
; VHDL Show LMF Mapping Messages                                                  ; Off                ;                    ;
; VHDL Version                                                                    ; VHDL_2008          ; VHDL_1993          ;
; Use smart compilation                                                           ; Off                ; Off                ;
; Enable parallel Assembler and Timing Analyzer during compilation                ; On                 ; On                 ;
; Enable compact report table                                                     ; Off                ; Off                ;
; Restructure Multiplexers                                                        ; Auto               ; Auto               ;
; MLAB Add Timing Constraints For Mixed-Port Feed-Through Mode Setting Don't Care ; Off                ; Off                ;
; Create Debugging Nodes for IP Cores                                             ; Off                ; Off                ;
; Preserve fewer node names                                                       ; On                 ; On                 ;
; Intel FPGA IP Evaluation Mode                                                   ; Enable             ; Enable             ;
; Verilog Version                                                                 ; Verilog_2001       ; Verilog_2001       ;
; State Machine Processing                                                        ; Auto               ; Auto               ;
; Safe State Machine                                                              ; Off                ; Off                ;
; Extract Verilog State Machines                                                  ; On                 ; On                 ;
; Extract VHDL State Machines                                                     ; On                 ; On                 ;
; Ignore Verilog initial constructs                                               ; Off                ; Off                ;
; Iteration limit for constant Verilog loops                                      ; 5000               ; 5000               ;
; Iteration limit for non-constant Verilog loops                                  ; 250                ; 250                ;
; Add Pass-Through Logic to Inferred RAMs                                         ; On                 ; On                 ;
; Infer RAMs from Raw Logic                                                       ; On                 ; On                 ;
; Parallel Synthesis                                                              ; On                 ; On                 ;
; DSP Block Balancing                                                             ; Auto               ; Auto               ;
; NOT Gate Push-Back                                                              ; On                 ; On                 ;
; Power-Up Don't Care                                                             ; On                 ; On                 ;
; Remove Redundant Logic Cells                                                    ; Off                ; Off                ;
; Remove Duplicate Registers                                                      ; On                 ; On                 ;
; Ignore CARRY Buffers                                                            ; Off                ; Off                ;
; Ignore CASCADE Buffers                                                          ; Off                ; Off                ;
; Ignore GLOBAL Buffers                                                           ; Off                ; Off                ;
; Ignore ROW GLOBAL Buffers                                                       ; Off                ; Off                ;
; Ignore LCELL Buffers                                                            ; Off                ; Off                ;
; Ignore SOFT Buffers                                                             ; On                 ; On                 ;
; Limit AHDL Integers to 32 Bits                                                  ; Off                ; Off                ;
; Optimization Technique                                                          ; Balanced           ; Balanced           ;
; Carry Chain Length                                                              ; 70                 ; 70                 ;
; Auto Carry Chains                                                               ; On                 ; On                 ;
; Auto Open-Drain Pins                                                            ; On                 ; On                 ;
; Perform WYSIWYG Primitive Resynthesis                                           ; Off                ; Off                ;
; Auto ROM Replacement                                                            ; On                 ; On                 ;
; Auto RAM Replacement                                                            ; On                 ; On                 ;
; Auto DSP Block Replacement                                                      ; On                 ; On                 ;
; Auto Shift Register Replacement                                                 ; Auto               ; Auto               ;
; Allow Shift Register Merging across Hierarchies                                 ; Auto               ; Auto               ;
; Auto Clock Enable Replacement                                                   ; On                 ; On                 ;
; Strict RAM Replacement                                                          ; Off                ; Off                ;
; Allow Synchronous Control Signals                                               ; On                 ; On                 ;
; Force Use of Synchronous Clear Signals                                          ; Off                ; Off                ;
; Auto Resource Sharing                                                           ; Off                ; Off                ;
; Allow Any RAM Size For Recognition                                              ; Off                ; Off                ;
; Allow Any ROM Size For Recognition                                              ; Off                ; Off                ;
; Allow Any Shift Register Size For Recognition                                   ; Off                ; Off                ;
; Use LogicLock Constraints during Resource Balancing                             ; On                 ; On                 ;
; Ignore translate_off and synthesis_off directives                               ; Off                ; Off                ;
; Timing-Driven Synthesis                                                         ; On                 ; On                 ;
; Report Parameter Settings                                                       ; On                 ; On                 ;
; Report Source Assignments                                                       ; On                 ; On                 ;
; Report Connectivity Checks                                                      ; On                 ; On                 ;
; Ignore Maximum Fan-Out Assignments                                              ; Off                ; Off                ;
; Synchronization Register Chain Length                                           ; 3                  ; 3                  ;
; Power Optimization During Synthesis                                             ; Normal compilation ; Normal compilation ;
; HDL message level                                                               ; Level2             ; Level2             ;
; Suppress Register Optimization Related Messages                                 ; Off                ; Off                ;
; Number of Removed Registers Reported in Synthesis Report                        ; 5000               ; 5000               ;
; Number of Swept Nodes Reported in Synthesis Report                              ; 5000               ; 5000               ;
; Number of Inverted Registers Reported in Synthesis Report                       ; 100                ; 100                ;
; Clock MUX Protection                                                            ; On                 ; On                 ;
; Auto Gated Clock Conversion                                                     ; Off                ; Off                ;
; Block Design Naming                                                             ; Auto               ; Auto               ;
; SDC constraint protection                                                       ; Off                ; Off                ;
; Synthesis Effort                                                                ; Auto               ; Auto               ;
; Shift Register Replacement - Allow Asynchronous Clear Signal                    ; On                 ; On                 ;
; Pre-Mapping Resynthesis Optimization                                            ; Off                ; Off                ;
; Analysis & Synthesis Message Level                                              ; Medium             ; Medium             ;
; Disable Register Merging Across Hierarchies                                     ; Auto               ; Auto               ;
; Resource Aware Inference For Block RAM                                          ; On                 ; On                 ;
; Automatic Parallel Synthesis                                                    ; On                 ; On                 ;
; Partial Reconfiguration Bitstream ID                                            ; Off                ; Off                ;
+---------------------------------------------------------------------------------+--------------------+--------------------+


+------------------------------------------+
; Parallel Compilation                     ;
+----------------------------+-------------+
; Processors                 ; Number      ;
+----------------------------+-------------+
; Number detected on machine ; 4           ;
; Maximum allowed            ; 4           ;
;                            ;             ;
; Average used               ; 1.00        ;
; Maximum used               ; 1           ;
;                            ;             ;
; Usage by Processor         ; % Time Used ;
;     Processor 1            ; 100.0%      ;
+----------------------------+-------------+


+-------------------------------+
; Analysis & Synthesis Messages ;
+-------------------------------+
Info: *******************************************************************
Info: Running Quartus Prime Analysis & Synthesis
    Info: Version 20.1.0 Build 711 06/05/2020 SJ Lite Edition
    Info: Processing started: Tue Nov 22 17:41:49 2022
Info: Command: quartus_map --read_settings_files=on --write_settings_files=off MIPS -c MIPS
Warning (18236): Number of processors has not been specified which may cause overloading on shared machines.  Set the global assignment NUM_PARALLEL_PROCESSORS in your QSF to an appropriate value for best performance.
Info (20030): Parallel compilation is enabled and will use 4 of the 4 processors detected
Info (12021): Found 2 design units, including 1 entities, in source file unidadecontroleula.vhd
    Info (12022): Found design unit 1: UnidadeControleULA-comportamento File: C:/Projetos-Descomp/Projeto-MIPS-ULA/UnidadeControleULA.vhd Line: 14
    Info (12023): Found entity 1: UnidadeControleULA File: C:/Projetos-Descomp/Projeto-MIPS-ULA/UnidadeControleULA.vhd Line: 4
Info (12021): Found 2 design units, including 1 entities, in source file ulasomasub.vhd
    Info (12022): Found design unit 1: ULASomaSub-comportamento File: C:/Projetos-Descomp/Projeto-MIPS-ULA/ULASomaSub.vhd Line: 15
    Info (12023): Found entity 1: ULASomaSub File: C:/Projetos-Descomp/Projeto-MIPS-ULA/ULASomaSub.vhd Line: 5
Info (12021): Found 2 design units, including 1 entities, in source file somadorgenerico.vhd
    Info (12022): Found design unit 1: somadorGenerico-comportamento File: C:/Projetos-Descomp/Projeto-MIPS-ULA/somadorGenerico.vhd Line: 17
    Info (12023): Found entity 1: somadorGenerico File: C:/Projetos-Descomp/Projeto-MIPS-ULA/somadorGenerico.vhd Line: 5
Info (12021): Found 2 design units, including 1 entities, in source file somaconstante.vhd
    Info (12022): Found design unit 1: somaConstante-comportamento File: C:/Projetos-Descomp/Projeto-MIPS-ULA/somaConstante.vhd Line: 18
    Info (12023): Found entity 1: somaConstante File: C:/Projetos-Descomp/Projeto-MIPS-ULA/somaConstante.vhd Line: 5
Info (12021): Found 2 design units, including 1 entities, in source file rommips.vhd
    Info (12022): Found design unit 1: ROMMIPS-assincrona File: C:/Projetos-Descomp/Projeto-MIPS-ULA/ROMMIPS.vhd Line: 16
    Info (12023): Found entity 1: ROMMIPS File: C:/Projetos-Descomp/Projeto-MIPS-ULA/ROMMIPS.vhd Line: 5
Info (12021): Found 2 design units, including 1 entities, in source file registradorgenerico.vhd
    Info (12022): Found design unit 1: registradorGenerico-comportamento File: C:/Projetos-Descomp/Projeto-MIPS-ULA/registradorGenerico.vhd Line: 15
    Info (12023): Found entity 1: registradorGenerico File: C:/Projetos-Descomp/Projeto-MIPS-ULA/registradorGenerico.vhd Line: 4
Info (12021): Found 2 design units, including 1 entities, in source file rammips.vhd
    Info (12022): Found design unit 1: RAMMIPS-assincrona File: C:/Projetos-Descomp/Projeto-MIPS-ULA/RAMMIPS.vhd Line: 18
    Info (12023): Found entity 1: RAMMIPS File: C:/Projetos-Descomp/Projeto-MIPS-ULA/RAMMIPS.vhd Line: 5
Info (12021): Found 2 design units, including 1 entities, in source file muxgenerico2x1.vhd
    Info (12022): Found design unit 1: muxGenerico2x1-comportamento File: C:/Projetos-Descomp/Projeto-MIPS-ULA/muxGenerico2x1.vhd Line: 15
    Info (12023): Found entity 1: muxGenerico2x1 File: C:/Projetos-Descomp/Projeto-MIPS-ULA/muxGenerico2x1.vhd Line: 5
Error (10500): VHDL syntax error at MIPS.vhd(183) near text "=>";  expecting ")", or "," File: C:/Projetos-Descomp/Projeto-MIPS-ULA/MIPS.vhd Line: 183
Error (10500): VHDL syntax error at MIPS.vhd(186) near text ")";  expecting "(", or an identifier, or  unary operator File: C:/Projetos-Descomp/Projeto-MIPS-ULA/MIPS.vhd Line: 186
Error (10500): VHDL syntax error at MIPS.vhd(195) near text ")";  expecting "(", or an identifier, or  unary operator File: C:/Projetos-Descomp/Projeto-MIPS-ULA/MIPS.vhd Line: 195
Info (12021): Found 0 design units, including 0 entities, in source file mips.vhd
Info (12021): Found 2 design units, including 1 entities, in source file estendesinalgenerico.vhd
    Info (12022): Found design unit 1: estendeSinalGenerico-comportamento File: C:/Projetos-Descomp/Projeto-MIPS-ULA/estendeSinalGenerico.vhd Line: 19
    Info (12023): Found entity 1: estendeSinalGenerico File: C:/Projetos-Descomp/Projeto-MIPS-ULA/estendeSinalGenerico.vhd Line: 4
Info (12021): Found 2 design units, including 1 entities, in source file deslocadorgenerico.vhd
    Info (12022): Found design unit 1: deslocadorGenerico-comportamento File: C:/Projetos-Descomp/Projeto-MIPS-ULA/deslocadorGenerico.vhd Line: 18
    Info (12023): Found entity 1: deslocadorGenerico File: C:/Projetos-Descomp/Projeto-MIPS-ULA/deslocadorGenerico.vhd Line: 6
Info (12021): Found 2 design units, including 1 entities, in source file decodergeneric.vhd
    Info (12022): Found design unit 1: decoderGeneric-comportamento File: C:/Projetos-Descomp/Projeto-MIPS-ULA/decoderGeneric.vhd Line: 12
    Info (12023): Found entity 1: decoderGeneric File: C:/Projetos-Descomp/Projeto-MIPS-ULA/decoderGeneric.vhd Line: 4
Info (12021): Found 2 design units, including 1 entities, in source file bancoreg.vhd
    Info (12022): Found design unit 1: bancoReg-comportamento File: C:/Projetos-Descomp/Projeto-MIPS-ULA/bancoReg.vhd Line: 30
    Info (12023): Found entity 1: bancoReg File: C:/Projetos-Descomp/Projeto-MIPS-ULA/bancoReg.vhd Line: 7
Info (12021): Found 2 design units, including 1 entities, in source file ula_31_1bit.vhd
    Info (12022): Found design unit 1: ULA_31_1bit-comportamento File: C:/Projetos-Descomp/Projeto-MIPS-ULA/ULA_31_1bit.vhd Line: 19
    Info (12023): Found entity 1: ULA_31_1bit File: C:/Projetos-Descomp/Projeto-MIPS-ULA/ULA_31_1bit.vhd Line: 5
Info (12021): Found 2 design units, including 1 entities, in source file somadorgenerico_1bit.vhd
    Info (12022): Found design unit 1: somadorGenerico_1bit-comportamento File: C:/Projetos-Descomp/Projeto-MIPS-ULA/somadorGenerico_1bit.vhd Line: 17
    Info (12023): Found entity 1: somadorGenerico_1bit File: C:/Projetos-Descomp/Projeto-MIPS-ULA/somadorGenerico_1bit.vhd Line: 5
Info (12021): Found 2 design units, including 1 entities, in source file muxgenerico4x1.vhd
    Info (12022): Found design unit 1: muxGenerico4x1-comportamento File: C:/Projetos-Descomp/Projeto-MIPS-ULA/muxGenerico4x1.vhd Line: 15
    Info (12023): Found entity 1: muxGenerico4x1 File: C:/Projetos-Descomp/Projeto-MIPS-ULA/muxGenerico4x1.vhd Line: 5
Info (12021): Found 2 design units, including 1 entities, in source file ula_32bit.vhd
    Info (12022): Found design unit 1: ULA_32bit-comportamento File: C:/Projetos-Descomp/Projeto-MIPS-ULA/ULA_32bit.vhd Line: 20
    Info (12023): Found entity 1: ULA_32bit File: C:/Projetos-Descomp/Projeto-MIPS-ULA/ULA_32bit.vhd Line: 5
Info (12021): Found 2 design units, including 1 entities, in source file ulamips.vhd
    Info (12022): Found design unit 1: ULAMIPS-comportamento File: C:/Projetos-Descomp/Projeto-MIPS-ULA/ULAMIPS.vhd Line: 17
    Info (12023): Found entity 1: ULAMIPS File: C:/Projetos-Descomp/Projeto-MIPS-ULA/ULAMIPS.vhd Line: 5
Info (12021): Found 2 design units, including 1 entities, in source file muxgenerico2x1_1bit.vhd
    Info (12022): Found design unit 1: muxGenerico2x1_1bit-comportamento File: C:/Projetos-Descomp/Projeto-MIPS-ULA/muxGenerico2x1_1bit.vhd Line: 14
    Info (12023): Found entity 1: muxGenerico2x1_1bit File: C:/Projetos-Descomp/Projeto-MIPS-ULA/muxGenerico2x1_1bit.vhd Line: 5
Info (12021): Found 2 design units, including 1 entities, in source file decoder_op_code.vhd
    Info (12022): Found design unit 1: decoder_op_code-comportamento File: C:/Projetos-Descomp/Projeto-MIPS-ULA/decoder_op_code.vhd Line: 10
    Info (12023): Found entity 1: decoder_op_code File: C:/Projetos-Descomp/Projeto-MIPS-ULA/decoder_op_code.vhd Line: 4
Info (12021): Found 2 design units, including 1 entities, in source file decoder_funct.vhd
    Info (12022): Found design unit 1: decoder_funct-comportamento File: C:/Projetos-Descomp/Projeto-MIPS-ULA/decoder_funct.vhd Line: 10
    Info (12023): Found entity 1: decoder_funct File: C:/Projetos-Descomp/Projeto-MIPS-ULA/decoder_funct.vhd Line: 4
Error: Quartus Prime Analysis & Synthesis was unsuccessful. 3 errors, 1 warning
    Error: Peak virtual memory: 9130 megabytes
    Error: Processing ended: Tue Nov 22 17:42:07 2022
    Error: Elapsed time: 00:00:18
    Error: Total CPU time (on all processors): 00:00:36


