Analysis & Elaboration report for ULAMIPS
Fri Nov 18 15:19:26 2022
Quartus Prime Version 20.1.0 Build 711 06/05/2020 SJ Lite Edition


---------------------
; Table of Contents ;
---------------------
  1. Legal Notice
  2. Analysis & Elaboration Summary
  3. Parallel Compilation
  4. Parameter Settings for User Entity Instance: Top-level Entity: |ULAMIPS
  5. Parameter Settings for User Entity Instance: ULA_31_1bit:ULA1|muxGenerico4x1:MUX_FINAL
  6. Parameter Settings for User Entity Instance: ULA_31_1bit:ULA2|muxGenerico4x1:MUX_FINAL
  7. Parameter Settings for User Entity Instance: ULA_31_1bit:ULA3|muxGenerico4x1:MUX_FINAL
  8. Parameter Settings for User Entity Instance: ULA_31_1bit:ULA4|muxGenerico4x1:MUX_FINAL
  9. Parameter Settings for User Entity Instance: ULA_31_1bit:ULA5|muxGenerico4x1:MUX_FINAL
 10. Parameter Settings for User Entity Instance: ULA_31_1bit:ULA6|muxGenerico4x1:MUX_FINAL
 11. Parameter Settings for User Entity Instance: ULA_31_1bit:ULA7|muxGenerico4x1:MUX_FINAL
 12. Parameter Settings for User Entity Instance: ULA_31_1bit:ULA8|muxGenerico4x1:MUX_FINAL
 13. Parameter Settings for User Entity Instance: ULA_31_1bit:ULA9|muxGenerico4x1:MUX_FINAL
 14. Parameter Settings for User Entity Instance: ULA_31_1bit:ULA10|muxGenerico4x1:MUX_FINAL
 15. Parameter Settings for User Entity Instance: ULA_31_1bit:ULA11|muxGenerico4x1:MUX_FINAL
 16. Parameter Settings for User Entity Instance: ULA_31_1bit:ULA12|muxGenerico4x1:MUX_FINAL
 17. Parameter Settings for User Entity Instance: ULA_31_1bit:ULA13|muxGenerico4x1:MUX_FINAL
 18. Parameter Settings for User Entity Instance: ULA_31_1bit:ULA14|muxGenerico4x1:MUX_FINAL
 19. Parameter Settings for User Entity Instance: ULA_31_1bit:ULA15|muxGenerico4x1:MUX_FINAL
 20. Parameter Settings for User Entity Instance: ULA_31_1bit:ULA16|muxGenerico4x1:MUX_FINAL
 21. Parameter Settings for User Entity Instance: ULA_31_1bit:ULA17|muxGenerico4x1:MUX_FINAL
 22. Parameter Settings for User Entity Instance: ULA_31_1bit:ULA18|muxGenerico4x1:MUX_FINAL
 23. Parameter Settings for User Entity Instance: ULA_31_1bit:ULA19|muxGenerico4x1:MUX_FINAL
 24. Parameter Settings for User Entity Instance: ULA_31_1bit:ULA20|muxGenerico4x1:MUX_FINAL
 25. Parameter Settings for User Entity Instance: ULA_31_1bit:ULA21|muxGenerico4x1:MUX_FINAL
 26. Parameter Settings for User Entity Instance: ULA_31_1bit:ULA22|muxGenerico4x1:MUX_FINAL
 27. Parameter Settings for User Entity Instance: ULA_31_1bit:ULA23|muxGenerico4x1:MUX_FINAL
 28. Parameter Settings for User Entity Instance: ULA_31_1bit:ULA24|muxGenerico4x1:MUX_FINAL
 29. Parameter Settings for User Entity Instance: ULA_31_1bit:ULA25|muxGenerico4x1:MUX_FINAL
 30. Parameter Settings for User Entity Instance: ULA_31_1bit:ULA26|muxGenerico4x1:MUX_FINAL
 31. Parameter Settings for User Entity Instance: ULA_31_1bit:ULA27|muxGenerico4x1:MUX_FINAL
 32. Parameter Settings for User Entity Instance: ULA_31_1bit:ULA28|muxGenerico4x1:MUX_FINAL
 33. Parameter Settings for User Entity Instance: ULA_31_1bit:ULA29|muxGenerico4x1:MUX_FINAL
 34. Parameter Settings for User Entity Instance: ULA_31_1bit:ULA30|muxGenerico4x1:MUX_FINAL
 35. Parameter Settings for User Entity Instance: ULA_31_1bit:ULA31|muxGenerico4x1:MUX_FINAL
 36. Parameter Settings for User Entity Instance: ULA_32bit:ULA32|muxGenerico4x1:MUX_FINAL
 37. Analysis & Elaboration Settings
 38. Port Connectivity Checks: "ULA_32bit:ULA32"
 39. Port Connectivity Checks: "ULA_31_1bit:ULA31"
 40. Port Connectivity Checks: "ULA_31_1bit:ULA30"
 41. Port Connectivity Checks: "ULA_31_1bit:ULA29"
 42. Port Connectivity Checks: "ULA_31_1bit:ULA28"
 43. Port Connectivity Checks: "ULA_31_1bit:ULA27"
 44. Port Connectivity Checks: "ULA_31_1bit:ULA26"
 45. Port Connectivity Checks: "ULA_31_1bit:ULA25"
 46. Port Connectivity Checks: "ULA_31_1bit:ULA24"
 47. Port Connectivity Checks: "ULA_31_1bit:ULA23"
 48. Port Connectivity Checks: "ULA_31_1bit:ULA22"
 49. Port Connectivity Checks: "ULA_31_1bit:ULA21"
 50. Port Connectivity Checks: "ULA_31_1bit:ULA20"
 51. Port Connectivity Checks: "ULA_31_1bit:ULA19"
 52. Port Connectivity Checks: "ULA_31_1bit:ULA18"
 53. Port Connectivity Checks: "ULA_31_1bit:ULA17"
 54. Port Connectivity Checks: "ULA_31_1bit:ULA16"
 55. Port Connectivity Checks: "ULA_31_1bit:ULA15"
 56. Port Connectivity Checks: "ULA_31_1bit:ULA14"
 57. Port Connectivity Checks: "ULA_31_1bit:ULA13"
 58. Port Connectivity Checks: "ULA_31_1bit:ULA12"
 59. Port Connectivity Checks: "ULA_31_1bit:ULA11"
 60. Port Connectivity Checks: "ULA_31_1bit:ULA10"
 61. Port Connectivity Checks: "ULA_31_1bit:ULA9"
 62. Port Connectivity Checks: "ULA_31_1bit:ULA8"
 63. Port Connectivity Checks: "ULA_31_1bit:ULA7"
 64. Port Connectivity Checks: "ULA_31_1bit:ULA6"
 65. Port Connectivity Checks: "ULA_31_1bit:ULA5"
 66. Port Connectivity Checks: "ULA_31_1bit:ULA4"
 67. Port Connectivity Checks: "ULA_31_1bit:ULA3"
 68. Port Connectivity Checks: "ULA_31_1bit:ULA2"
 69. Analysis & Elaboration Messages



----------------
; Legal Notice ;
----------------
Copyright (C) 2020  Intel Corporation. All rights reserved.
Your use of Intel Corporation's design tools, logic functions 
and other software and tools, and any partner logic 
functions, and any output files from any of the foregoing 
(including device programming or simulation files), and any 
associated documentation or information are expressly subject 
to the terms and conditions of the Intel Program License 
Subscription Agreement, the Intel Quartus Prime License Agreement,
the Intel FPGA IP License Agreement, or other applicable license
agreement, including, without limitation, that your use is for
the sole purpose of programming logic devices manufactured by
Intel and sold by Intel or its authorized distributors.  Please
refer to the applicable agreement for further details, at
https://fpgasoftware.intel.com/eula.



+-----------------------------------------------------------------------------+
; Analysis & Elaboration Summary                                              ;
+-------------------------------+---------------------------------------------+
; Analysis & Elaboration Status ; Successful - Fri Nov 18 15:19:26 2022       ;
; Quartus Prime Version         ; 20.1.0 Build 711 06/05/2020 SJ Lite Edition ;
; Revision Name                 ; ULAMIPS                                     ;
; Top-level Entity Name         ; ULAMIPS                                     ;
; Family                        ; Cyclone V                                   ;
; Logic utilization (in ALMs)   ; N/A until Partition Merge                   ;
; Total registers               ; N/A until Partition Merge                   ;
; Total pins                    ; N/A until Partition Merge                   ;
; Total virtual pins            ; N/A until Partition Merge                   ;
; Total block memory bits       ; N/A until Partition Merge                   ;
; Total PLLs                    ; N/A until Partition Merge                   ;
; Total DLLs                    ; N/A until Partition Merge                   ;
+-------------------------------+---------------------------------------------+


+------------------------------------------+
; Parallel Compilation                     ;
+----------------------------+-------------+
; Processors                 ; Number      ;
+----------------------------+-------------+
; Number detected on machine ; 4           ;
; Maximum allowed            ; 4           ;
;                            ;             ;
; Average used               ; 1.00        ;
; Maximum used               ; 1           ;
;                            ;             ;
; Usage by Processor         ; % Time Used ;
;     Processor 1            ; 100.0%      ;
+----------------------------+-------------+


+-------------------------------------------------------------------------+
; Parameter Settings for User Entity Instance: Top-level Entity: |ULAMIPS ;
+----------------+-------+------------------------------------------------+
; Parameter Name ; Value ; Type                                           ;
+----------------+-------+------------------------------------------------+
; larguraDados   ; 32    ; Signed Integer                                 ;
+----------------+-------+------------------------------------------------+
Note: In order to hide this table in the UI and the text report file, please set the "Show Parameter Settings in Synthesis Report" option in "Analysis and Synthesis Settings -> More Settings" to "Off".


+----------------------------------------------------------------------------------------+
; Parameter Settings for User Entity Instance: ULA_31_1bit:ULA1|muxGenerico4x1:MUX_FINAL ;
+----------------+-------+---------------------------------------------------------------+
; Parameter Name ; Value ; Type                                                          ;
+----------------+-------+---------------------------------------------------------------+
; larguradados   ; 1     ; Signed Integer                                                ;
+----------------+-------+---------------------------------------------------------------+
Note: In order to hide this table in the UI and the text report file, please set the "Show Parameter Settings in Synthesis Report" option in "Analysis and Synthesis Settings -> More Settings" to "Off".


+----------------------------------------------------------------------------------------+
; Parameter Settings for User Entity Instance: ULA_31_1bit:ULA2|muxGenerico4x1:MUX_FINAL ;
+----------------+-------+---------------------------------------------------------------+
; Parameter Name ; Value ; Type                                                          ;
+----------------+-------+---------------------------------------------------------------+
; larguradados   ; 1     ; Signed Integer                                                ;
+----------------+-------+---------------------------------------------------------------+
Note: In order to hide this table in the UI and the text report file, please set the "Show Parameter Settings in Synthesis Report" option in "Analysis and Synthesis Settings -> More Settings" to "Off".


+----------------------------------------------------------------------------------------+
; Parameter Settings for User Entity Instance: ULA_31_1bit:ULA3|muxGenerico4x1:MUX_FINAL ;
+----------------+-------+---------------------------------------------------------------+
; Parameter Name ; Value ; Type                                                          ;
+----------------+-------+---------------------------------------------------------------+
; larguradados   ; 1     ; Signed Integer                                                ;
+----------------+-------+---------------------------------------------------------------+
Note: In order to hide this table in the UI and the text report file, please set the "Show Parameter Settings in Synthesis Report" option in "Analysis and Synthesis Settings -> More Settings" to "Off".


+----------------------------------------------------------------------------------------+
; Parameter Settings for User Entity Instance: ULA_31_1bit:ULA4|muxGenerico4x1:MUX_FINAL ;
+----------------+-------+---------------------------------------------------------------+
; Parameter Name ; Value ; Type                                                          ;
+----------------+-------+---------------------------------------------------------------+
; larguradados   ; 1     ; Signed Integer                                                ;
+----------------+-------+---------------------------------------------------------------+
Note: In order to hide this table in the UI and the text report file, please set the "Show Parameter Settings in Synthesis Report" option in "Analysis and Synthesis Settings -> More Settings" to "Off".


+----------------------------------------------------------------------------------------+
; Parameter Settings for User Entity Instance: ULA_31_1bit:ULA5|muxGenerico4x1:MUX_FINAL ;
+----------------+-------+---------------------------------------------------------------+
; Parameter Name ; Value ; Type                                                          ;
+----------------+-------+---------------------------------------------------------------+
; larguradados   ; 1     ; Signed Integer                                                ;
+----------------+-------+---------------------------------------------------------------+
Note: In order to hide this table in the UI and the text report file, please set the "Show Parameter Settings in Synthesis Report" option in "Analysis and Synthesis Settings -> More Settings" to "Off".


+----------------------------------------------------------------------------------------+
; Parameter Settings for User Entity Instance: ULA_31_1bit:ULA6|muxGenerico4x1:MUX_FINAL ;
+----------------+-------+---------------------------------------------------------------+
; Parameter Name ; Value ; Type                                                          ;
+----------------+-------+---------------------------------------------------------------+
; larguradados   ; 1     ; Signed Integer                                                ;
+----------------+-------+---------------------------------------------------------------+
Note: In order to hide this table in the UI and the text report file, please set the "Show Parameter Settings in Synthesis Report" option in "Analysis and Synthesis Settings -> More Settings" to "Off".


+----------------------------------------------------------------------------------------+
; Parameter Settings for User Entity Instance: ULA_31_1bit:ULA7|muxGenerico4x1:MUX_FINAL ;
+----------------+-------+---------------------------------------------------------------+
; Parameter Name ; Value ; Type                                                          ;
+----------------+-------+---------------------------------------------------------------+
; larguradados   ; 1     ; Signed Integer                                                ;
+----------------+-------+---------------------------------------------------------------+
Note: In order to hide this table in the UI and the text report file, please set the "Show Parameter Settings in Synthesis Report" option in "Analysis and Synthesis Settings -> More Settings" to "Off".


+----------------------------------------------------------------------------------------+
; Parameter Settings for User Entity Instance: ULA_31_1bit:ULA8|muxGenerico4x1:MUX_FINAL ;
+----------------+-------+---------------------------------------------------------------+
; Parameter Name ; Value ; Type                                                          ;
+----------------+-------+---------------------------------------------------------------+
; larguradados   ; 1     ; Signed Integer                                                ;
+----------------+-------+---------------------------------------------------------------+
Note: In order to hide this table in the UI and the text report file, please set the "Show Parameter Settings in Synthesis Report" option in "Analysis and Synthesis Settings -> More Settings" to "Off".


+----------------------------------------------------------------------------------------+
; Parameter Settings for User Entity Instance: ULA_31_1bit:ULA9|muxGenerico4x1:MUX_FINAL ;
+----------------+-------+---------------------------------------------------------------+
; Parameter Name ; Value ; Type                                                          ;
+----------------+-------+---------------------------------------------------------------+
; larguradados   ; 1     ; Signed Integer                                                ;
+----------------+-------+---------------------------------------------------------------+
Note: In order to hide this table in the UI and the text report file, please set the "Show Parameter Settings in Synthesis Report" option in "Analysis and Synthesis Settings -> More Settings" to "Off".


+-----------------------------------------------------------------------------------------+
; Parameter Settings for User Entity Instance: ULA_31_1bit:ULA10|muxGenerico4x1:MUX_FINAL ;
+----------------+-------+----------------------------------------------------------------+
; Parameter Name ; Value ; Type                                                           ;
+----------------+-------+----------------------------------------------------------------+
; larguradados   ; 1     ; Signed Integer                                                 ;
+----------------+-------+----------------------------------------------------------------+
Note: In order to hide this table in the UI and the text report file, please set the "Show Parameter Settings in Synthesis Report" option in "Analysis and Synthesis Settings -> More Settings" to "Off".


+-----------------------------------------------------------------------------------------+
; Parameter Settings for User Entity Instance: ULA_31_1bit:ULA11|muxGenerico4x1:MUX_FINAL ;
+----------------+-------+----------------------------------------------------------------+
; Parameter Name ; Value ; Type                                                           ;
+----------------+-------+----------------------------------------------------------------+
; larguradados   ; 1     ; Signed Integer                                                 ;
+----------------+-------+----------------------------------------------------------------+
Note: In order to hide this table in the UI and the text report file, please set the "Show Parameter Settings in Synthesis Report" option in "Analysis and Synthesis Settings -> More Settings" to "Off".


+-----------------------------------------------------------------------------------------+
; Parameter Settings for User Entity Instance: ULA_31_1bit:ULA12|muxGenerico4x1:MUX_FINAL ;
+----------------+-------+----------------------------------------------------------------+
; Parameter Name ; Value ; Type                                                           ;
+----------------+-------+----------------------------------------------------------------+
; larguradados   ; 1     ; Signed Integer                                                 ;
+----------------+-------+----------------------------------------------------------------+
Note: In order to hide this table in the UI and the text report file, please set the "Show Parameter Settings in Synthesis Report" option in "Analysis and Synthesis Settings -> More Settings" to "Off".


+-----------------------------------------------------------------------------------------+
; Parameter Settings for User Entity Instance: ULA_31_1bit:ULA13|muxGenerico4x1:MUX_FINAL ;
+----------------+-------+----------------------------------------------------------------+
; Parameter Name ; Value ; Type                                                           ;
+----------------+-------+----------------------------------------------------------------+
; larguradados   ; 1     ; Signed Integer                                                 ;
+----------------+-------+----------------------------------------------------------------+
Note: In order to hide this table in the UI and the text report file, please set the "Show Parameter Settings in Synthesis Report" option in "Analysis and Synthesis Settings -> More Settings" to "Off".


+-----------------------------------------------------------------------------------------+
; Parameter Settings for User Entity Instance: ULA_31_1bit:ULA14|muxGenerico4x1:MUX_FINAL ;
+----------------+-------+----------------------------------------------------------------+
; Parameter Name ; Value ; Type                                                           ;
+----------------+-------+----------------------------------------------------------------+
; larguradados   ; 1     ; Signed Integer                                                 ;
+----------------+-------+----------------------------------------------------------------+
Note: In order to hide this table in the UI and the text report file, please set the "Show Parameter Settings in Synthesis Report" option in "Analysis and Synthesis Settings -> More Settings" to "Off".


+-----------------------------------------------------------------------------------------+
; Parameter Settings for User Entity Instance: ULA_31_1bit:ULA15|muxGenerico4x1:MUX_FINAL ;
+----------------+-------+----------------------------------------------------------------+
; Parameter Name ; Value ; Type                                                           ;
+----------------+-------+----------------------------------------------------------------+
; larguradados   ; 1     ; Signed Integer                                                 ;
+----------------+-------+----------------------------------------------------------------+
Note: In order to hide this table in the UI and the text report file, please set the "Show Parameter Settings in Synthesis Report" option in "Analysis and Synthesis Settings -> More Settings" to "Off".


+-----------------------------------------------------------------------------------------+
; Parameter Settings for User Entity Instance: ULA_31_1bit:ULA16|muxGenerico4x1:MUX_FINAL ;
+----------------+-------+----------------------------------------------------------------+
; Parameter Name ; Value ; Type                                                           ;
+----------------+-------+----------------------------------------------------------------+
; larguradados   ; 1     ; Signed Integer                                                 ;
+----------------+-------+----------------------------------------------------------------+
Note: In order to hide this table in the UI and the text report file, please set the "Show Parameter Settings in Synthesis Report" option in "Analysis and Synthesis Settings -> More Settings" to "Off".


+-----------------------------------------------------------------------------------------+
; Parameter Settings for User Entity Instance: ULA_31_1bit:ULA17|muxGenerico4x1:MUX_FINAL ;
+----------------+-------+----------------------------------------------------------------+
; Parameter Name ; Value ; Type                                                           ;
+----------------+-------+----------------------------------------------------------------+
; larguradados   ; 1     ; Signed Integer                                                 ;
+----------------+-------+----------------------------------------------------------------+
Note: In order to hide this table in the UI and the text report file, please set the "Show Parameter Settings in Synthesis Report" option in "Analysis and Synthesis Settings -> More Settings" to "Off".


+-----------------------------------------------------------------------------------------+
; Parameter Settings for User Entity Instance: ULA_31_1bit:ULA18|muxGenerico4x1:MUX_FINAL ;
+----------------+-------+----------------------------------------------------------------+
; Parameter Name ; Value ; Type                                                           ;
+----------------+-------+----------------------------------------------------------------+
; larguradados   ; 1     ; Signed Integer                                                 ;
+----------------+-------+----------------------------------------------------------------+
Note: In order to hide this table in the UI and the text report file, please set the "Show Parameter Settings in Synthesis Report" option in "Analysis and Synthesis Settings -> More Settings" to "Off".


+-----------------------------------------------------------------------------------------+
; Parameter Settings for User Entity Instance: ULA_31_1bit:ULA19|muxGenerico4x1:MUX_FINAL ;
+----------------+-------+----------------------------------------------------------------+
; Parameter Name ; Value ; Type                                                           ;
+----------------+-------+----------------------------------------------------------------+
; larguradados   ; 1     ; Signed Integer                                                 ;
+----------------+-------+----------------------------------------------------------------+
Note: In order to hide this table in the UI and the text report file, please set the "Show Parameter Settings in Synthesis Report" option in "Analysis and Synthesis Settings -> More Settings" to "Off".


+-----------------------------------------------------------------------------------------+
; Parameter Settings for User Entity Instance: ULA_31_1bit:ULA20|muxGenerico4x1:MUX_FINAL ;
+----------------+-------+----------------------------------------------------------------+
; Parameter Name ; Value ; Type                                                           ;
+----------------+-------+----------------------------------------------------------------+
; larguradados   ; 1     ; Signed Integer                                                 ;
+----------------+-------+----------------------------------------------------------------+
Note: In order to hide this table in the UI and the text report file, please set the "Show Parameter Settings in Synthesis Report" option in "Analysis and Synthesis Settings -> More Settings" to "Off".


+-----------------------------------------------------------------------------------------+
; Parameter Settings for User Entity Instance: ULA_31_1bit:ULA21|muxGenerico4x1:MUX_FINAL ;
+----------------+-------+----------------------------------------------------------------+
; Parameter Name ; Value ; Type                                                           ;
+----------------+-------+----------------------------------------------------------------+
; larguradados   ; 1     ; Signed Integer                                                 ;
+----------------+-------+----------------------------------------------------------------+
Note: In order to hide this table in the UI and the text report file, please set the "Show Parameter Settings in Synthesis Report" option in "Analysis and Synthesis Settings -> More Settings" to "Off".


+-----------------------------------------------------------------------------------------+
; Parameter Settings for User Entity Instance: ULA_31_1bit:ULA22|muxGenerico4x1:MUX_FINAL ;
+----------------+-------+----------------------------------------------------------------+
; Parameter Name ; Value ; Type                                                           ;
+----------------+-------+----------------------------------------------------------------+
; larguradados   ; 1     ; Signed Integer                                                 ;
+----------------+-------+----------------------------------------------------------------+
Note: In order to hide this table in the UI and the text report file, please set the "Show Parameter Settings in Synthesis Report" option in "Analysis and Synthesis Settings -> More Settings" to "Off".


+-----------------------------------------------------------------------------------------+
; Parameter Settings for User Entity Instance: ULA_31_1bit:ULA23|muxGenerico4x1:MUX_FINAL ;
+----------------+-------+----------------------------------------------------------------+
; Parameter Name ; Value ; Type                                                           ;
+----------------+-------+----------------------------------------------------------------+
; larguradados   ; 1     ; Signed Integer                                                 ;
+----------------+-------+----------------------------------------------------------------+
Note: In order to hide this table in the UI and the text report file, please set the "Show Parameter Settings in Synthesis Report" option in "Analysis and Synthesis Settings -> More Settings" to "Off".


+-----------------------------------------------------------------------------------------+
; Parameter Settings for User Entity Instance: ULA_31_1bit:ULA24|muxGenerico4x1:MUX_FINAL ;
+----------------+-------+----------------------------------------------------------------+
; Parameter Name ; Value ; Type                                                           ;
+----------------+-------+----------------------------------------------------------------+
; larguradados   ; 1     ; Signed Integer                                                 ;
+----------------+-------+----------------------------------------------------------------+
Note: In order to hide this table in the UI and the text report file, please set the "Show Parameter Settings in Synthesis Report" option in "Analysis and Synthesis Settings -> More Settings" to "Off".


+-----------------------------------------------------------------------------------------+
; Parameter Settings for User Entity Instance: ULA_31_1bit:ULA25|muxGenerico4x1:MUX_FINAL ;
+----------------+-------+----------------------------------------------------------------+
; Parameter Name ; Value ; Type                                                           ;
+----------------+-------+----------------------------------------------------------------+
; larguradados   ; 1     ; Signed Integer                                                 ;
+----------------+-------+----------------------------------------------------------------+
Note: In order to hide this table in the UI and the text report file, please set the "Show Parameter Settings in Synthesis Report" option in "Analysis and Synthesis Settings -> More Settings" to "Off".


+-----------------------------------------------------------------------------------------+
; Parameter Settings for User Entity Instance: ULA_31_1bit:ULA26|muxGenerico4x1:MUX_FINAL ;
+----------------+-------+----------------------------------------------------------------+
; Parameter Name ; Value ; Type                                                           ;
+----------------+-------+----------------------------------------------------------------+
; larguradados   ; 1     ; Signed Integer                                                 ;
+----------------+-------+----------------------------------------------------------------+
Note: In order to hide this table in the UI and the text report file, please set the "Show Parameter Settings in Synthesis Report" option in "Analysis and Synthesis Settings -> More Settings" to "Off".


+-----------------------------------------------------------------------------------------+
; Parameter Settings for User Entity Instance: ULA_31_1bit:ULA27|muxGenerico4x1:MUX_FINAL ;
+----------------+-------+----------------------------------------------------------------+
; Parameter Name ; Value ; Type                                                           ;
+----------------+-------+----------------------------------------------------------------+
; larguradados   ; 1     ; Signed Integer                                                 ;
+----------------+-------+----------------------------------------------------------------+
Note: In order to hide this table in the UI and the text report file, please set the "Show Parameter Settings in Synthesis Report" option in "Analysis and Synthesis Settings -> More Settings" to "Off".


+-----------------------------------------------------------------------------------------+
; Parameter Settings for User Entity Instance: ULA_31_1bit:ULA28|muxGenerico4x1:MUX_FINAL ;
+----------------+-------+----------------------------------------------------------------+
; Parameter Name ; Value ; Type                                                           ;
+----------------+-------+----------------------------------------------------------------+
; larguradados   ; 1     ; Signed Integer                                                 ;
+----------------+-------+----------------------------------------------------------------+
Note: In order to hide this table in the UI and the text report file, please set the "Show Parameter Settings in Synthesis Report" option in "Analysis and Synthesis Settings -> More Settings" to "Off".


+-----------------------------------------------------------------------------------------+
; Parameter Settings for User Entity Instance: ULA_31_1bit:ULA29|muxGenerico4x1:MUX_FINAL ;
+----------------+-------+----------------------------------------------------------------+
; Parameter Name ; Value ; Type                                                           ;
+----------------+-------+----------------------------------------------------------------+
; larguradados   ; 1     ; Signed Integer                                                 ;
+----------------+-------+----------------------------------------------------------------+
Note: In order to hide this table in the UI and the text report file, please set the "Show Parameter Settings in Synthesis Report" option in "Analysis and Synthesis Settings -> More Settings" to "Off".


+-----------------------------------------------------------------------------------------+
; Parameter Settings for User Entity Instance: ULA_31_1bit:ULA30|muxGenerico4x1:MUX_FINAL ;
+----------------+-------+----------------------------------------------------------------+
; Parameter Name ; Value ; Type                                                           ;
+----------------+-------+----------------------------------------------------------------+
; larguradados   ; 1     ; Signed Integer                                                 ;
+----------------+-------+----------------------------------------------------------------+
Note: In order to hide this table in the UI and the text report file, please set the "Show Parameter Settings in Synthesis Report" option in "Analysis and Synthesis Settings -> More Settings" to "Off".


+-----------------------------------------------------------------------------------------+
; Parameter Settings for User Entity Instance: ULA_31_1bit:ULA31|muxGenerico4x1:MUX_FINAL ;
+----------------+-------+----------------------------------------------------------------+
; Parameter Name ; Value ; Type                                                           ;
+----------------+-------+----------------------------------------------------------------+
; larguradados   ; 1     ; Signed Integer                                                 ;
+----------------+-------+----------------------------------------------------------------+
Note: In order to hide this table in the UI and the text report file, please set the "Show Parameter Settings in Synthesis Report" option in "Analysis and Synthesis Settings -> More Settings" to "Off".


+---------------------------------------------------------------------------------------+
; Parameter Settings for User Entity Instance: ULA_32bit:ULA32|muxGenerico4x1:MUX_FINAL ;
+----------------+-------+--------------------------------------------------------------+
; Parameter Name ; Value ; Type                                                         ;
+----------------+-------+--------------------------------------------------------------+
; larguradados   ; 1     ; Signed Integer                                               ;
+----------------+-------+--------------------------------------------------------------+
Note: In order to hide this table in the UI and the text report file, please set the "Show Parameter Settings in Synthesis Report" option in "Analysis and Synthesis Settings -> More Settings" to "Off".


+---------------------------------------------------------------------------------------------------------------------------+
; Analysis & Elaboration Settings                                                                                           ;
+---------------------------------------------------------------------------------+--------------------+--------------------+
; Option                                                                          ; Setting            ; Default Value      ;
+---------------------------------------------------------------------------------+--------------------+--------------------+
; Device                                                                          ; 5CEBA4F23C7        ;                    ;
; Top-level entity name                                                           ; ULAMIPS            ; ULAMIPS            ;
; Family name                                                                     ; Cyclone V          ; Cyclone V          ;
; VHDL Show LMF Mapping Messages                                                  ; Off                ;                    ;
; VHDL Version                                                                    ; VHDL_2008          ; VHDL_1993          ;
; Use smart compilation                                                           ; Off                ; Off                ;
; Enable parallel Assembler and Timing Analyzer during compilation                ; On                 ; On                 ;
; Enable compact report table                                                     ; Off                ; Off                ;
; Restructure Multiplexers                                                        ; Auto               ; Auto               ;
; MLAB Add Timing Constraints For Mixed-Port Feed-Through Mode Setting Don't Care ; Off                ; Off                ;
; Create Debugging Nodes for IP Cores                                             ; Off                ; Off                ;
; Preserve fewer node names                                                       ; On                 ; On                 ;
; Intel FPGA IP Evaluation Mode                                                   ; Enable             ; Enable             ;
; Verilog Version                                                                 ; Verilog_2001       ; Verilog_2001       ;
; State Machine Processing                                                        ; Auto               ; Auto               ;
; Safe State Machine                                                              ; Off                ; Off                ;
; Extract Verilog State Machines                                                  ; On                 ; On                 ;
; Extract VHDL State Machines                                                     ; On                 ; On                 ;
; Ignore Verilog initial constructs                                               ; Off                ; Off                ;
; Iteration limit for constant Verilog loops                                      ; 5000               ; 5000               ;
; Iteration limit for non-constant Verilog loops                                  ; 250                ; 250                ;
; Add Pass-Through Logic to Inferred RAMs                                         ; On                 ; On                 ;
; Infer RAMs from Raw Logic                                                       ; On                 ; On                 ;
; Parallel Synthesis                                                              ; On                 ; On                 ;
; DSP Block Balancing                                                             ; Auto               ; Auto               ;
; NOT Gate Push-Back                                                              ; On                 ; On                 ;
; Power-Up Don't Care                                                             ; On                 ; On                 ;
; Remove Redundant Logic Cells                                                    ; Off                ; Off                ;
; Remove Duplicate Registers                                                      ; On                 ; On                 ;
; Ignore CARRY Buffers                                                            ; Off                ; Off                ;
; Ignore CASCADE Buffers                                                          ; Off                ; Off                ;
; Ignore GLOBAL Buffers                                                           ; Off                ; Off                ;
; Ignore ROW GLOBAL Buffers                                                       ; Off                ; Off                ;
; Ignore LCELL Buffers                                                            ; Off                ; Off                ;
; Ignore SOFT Buffers                                                             ; On                 ; On                 ;
; Limit AHDL Integers to 32 Bits                                                  ; Off                ; Off                ;
; Optimization Technique                                                          ; Balanced           ; Balanced           ;
; Carry Chain Length                                                              ; 70                 ; 70                 ;
; Auto Carry Chains                                                               ; On                 ; On                 ;
; Auto Open-Drain Pins                                                            ; On                 ; On                 ;
; Perform WYSIWYG Primitive Resynthesis                                           ; Off                ; Off                ;
; Auto ROM Replacement                                                            ; On                 ; On                 ;
; Auto RAM Replacement                                                            ; On                 ; On                 ;
; Auto DSP Block Replacement                                                      ; On                 ; On                 ;
; Auto Shift Register Replacement                                                 ; Auto               ; Auto               ;
; Allow Shift Register Merging across Hierarchies                                 ; Auto               ; Auto               ;
; Auto Clock Enable Replacement                                                   ; On                 ; On                 ;
; Strict RAM Replacement                                                          ; Off                ; Off                ;
; Allow Synchronous Control Signals                                               ; On                 ; On                 ;
; Force Use of Synchronous Clear Signals                                          ; Off                ; Off                ;
; Auto Resource Sharing                                                           ; Off                ; Off                ;
; Allow Any RAM Size For Recognition                                              ; Off                ; Off                ;
; Allow Any ROM Size For Recognition                                              ; Off                ; Off                ;
; Allow Any Shift Register Size For Recognition                                   ; Off                ; Off                ;
; Use LogicLock Constraints during Resource Balancing                             ; On                 ; On                 ;
; Ignore translate_off and synthesis_off directives                               ; Off                ; Off                ;
; Timing-Driven Synthesis                                                         ; On                 ; On                 ;
; Report Parameter Settings                                                       ; On                 ; On                 ;
; Report Source Assignments                                                       ; On                 ; On                 ;
; Report Connectivity Checks                                                      ; On                 ; On                 ;
; Ignore Maximum Fan-Out Assignments                                              ; Off                ; Off                ;
; Synchronization Register Chain Length                                           ; 3                  ; 3                  ;
; Power Optimization During Synthesis                                             ; Normal compilation ; Normal compilation ;
; HDL message level                                                               ; Level2             ; Level2             ;
; Suppress Register Optimization Related Messages                                 ; Off                ; Off                ;
; Number of Removed Registers Reported in Synthesis Report                        ; 5000               ; 5000               ;
; Number of Swept Nodes Reported in Synthesis Report                              ; 5000               ; 5000               ;
; Number of Inverted Registers Reported in Synthesis Report                       ; 100                ; 100                ;
; Clock MUX Protection                                                            ; On                 ; On                 ;
; Auto Gated Clock Conversion                                                     ; Off                ; Off                ;
; Block Design Naming                                                             ; Auto               ; Auto               ;
; SDC constraint protection                                                       ; Off                ; Off                ;
; Synthesis Effort                                                                ; Auto               ; Auto               ;
; Shift Register Replacement - Allow Asynchronous Clear Signal                    ; On                 ; On                 ;
; Pre-Mapping Resynthesis Optimization                                            ; Off                ; Off                ;
; Analysis & Synthesis Message Level                                              ; Medium             ; Medium             ;
; Disable Register Merging Across Hierarchies                                     ; Auto               ; Auto               ;
; Resource Aware Inference For Block RAM                                          ; On                 ; On                 ;
; Automatic Parallel Synthesis                                                    ; On                 ; On                 ;
; Partial Reconfiguration Bitstream ID                                            ; Off                ; Off                ;
+---------------------------------------------------------------------------------+--------------------+--------------------+


+--------------------------------------------------------------------------------------------------------------------+
; Port Connectivity Checks: "ULA_32bit:ULA32"                                                                        ;
+----------+--------+----------+-------------------------------------------------------------------------------------+
; Port     ; Type   ; Severity ; Details                                                                             ;
+----------+--------+----------+-------------------------------------------------------------------------------------+
; slt      ; Input  ; Info     ; Stuck at GND                                                                        ;
; carryout ; Output ; Info     ; Connected to dangling logic. Logic that only feeds a dangling port will be removed. ;
+----------+--------+----------+-------------------------------------------------------------------------------------+


+-----------------------------------------------+
; Port Connectivity Checks: "ULA_31_1bit:ULA31" ;
+------+-------+----------+---------------------+
; Port ; Type  ; Severity ; Details             ;
+------+-------+----------+---------------------+
; slt  ; Input ; Info     ; Stuck at GND        ;
+------+-------+----------+---------------------+


+-----------------------------------------------+
; Port Connectivity Checks: "ULA_31_1bit:ULA30" ;
+------+-------+----------+---------------------+
; Port ; Type  ; Severity ; Details             ;
+------+-------+----------+---------------------+
; slt  ; Input ; Info     ; Stuck at GND        ;
+------+-------+----------+---------------------+


+-----------------------------------------------+
; Port Connectivity Checks: "ULA_31_1bit:ULA29" ;
+------+-------+----------+---------------------+
; Port ; Type  ; Severity ; Details             ;
+------+-------+----------+---------------------+
; slt  ; Input ; Info     ; Stuck at GND        ;
+------+-------+----------+---------------------+


+-----------------------------------------------+
; Port Connectivity Checks: "ULA_31_1bit:ULA28" ;
+------+-------+----------+---------------------+
; Port ; Type  ; Severity ; Details             ;
+------+-------+----------+---------------------+
; slt  ; Input ; Info     ; Stuck at GND        ;
+------+-------+----------+---------------------+


+-----------------------------------------------+
; Port Connectivity Checks: "ULA_31_1bit:ULA27" ;
+------+-------+----------+---------------------+
; Port ; Type  ; Severity ; Details             ;
+------+-------+----------+---------------------+
; slt  ; Input ; Info     ; Stuck at GND        ;
+------+-------+----------+---------------------+


+-----------------------------------------------+
; Port Connectivity Checks: "ULA_31_1bit:ULA26" ;
+------+-------+----------+---------------------+
; Port ; Type  ; Severity ; Details             ;
+------+-------+----------+---------------------+
; slt  ; Input ; Info     ; Stuck at GND        ;
+------+-------+----------+---------------------+


+-----------------------------------------------+
; Port Connectivity Checks: "ULA_31_1bit:ULA25" ;
+------+-------+----------+---------------------+
; Port ; Type  ; Severity ; Details             ;
+------+-------+----------+---------------------+
; slt  ; Input ; Info     ; Stuck at GND        ;
+------+-------+----------+---------------------+


+-----------------------------------------------+
; Port Connectivity Checks: "ULA_31_1bit:ULA24" ;
+------+-------+----------+---------------------+
; Port ; Type  ; Severity ; Details             ;
+------+-------+----------+---------------------+
; slt  ; Input ; Info     ; Stuck at GND        ;
+------+-------+----------+---------------------+


+-----------------------------------------------+
; Port Connectivity Checks: "ULA_31_1bit:ULA23" ;
+------+-------+----------+---------------------+
; Port ; Type  ; Severity ; Details             ;
+------+-------+----------+---------------------+
; slt  ; Input ; Info     ; Stuck at GND        ;
+------+-------+----------+---------------------+


+-----------------------------------------------+
; Port Connectivity Checks: "ULA_31_1bit:ULA22" ;
+------+-------+----------+---------------------+
; Port ; Type  ; Severity ; Details             ;
+------+-------+----------+---------------------+
; slt  ; Input ; Info     ; Stuck at GND        ;
+------+-------+----------+---------------------+


+-----------------------------------------------+
; Port Connectivity Checks: "ULA_31_1bit:ULA21" ;
+------+-------+----------+---------------------+
; Port ; Type  ; Severity ; Details             ;
+------+-------+----------+---------------------+
; slt  ; Input ; Info     ; Stuck at GND        ;
+------+-------+----------+---------------------+


+-----------------------------------------------+
; Port Connectivity Checks: "ULA_31_1bit:ULA20" ;
+------+-------+----------+---------------------+
; Port ; Type  ; Severity ; Details             ;
+------+-------+----------+---------------------+
; slt  ; Input ; Info     ; Stuck at GND        ;
+------+-------+----------+---------------------+


+-----------------------------------------------+
; Port Connectivity Checks: "ULA_31_1bit:ULA19" ;
+------+-------+----------+---------------------+
; Port ; Type  ; Severity ; Details             ;
+------+-------+----------+---------------------+
; slt  ; Input ; Info     ; Stuck at GND        ;
+------+-------+----------+---------------------+


+-----------------------------------------------+
; Port Connectivity Checks: "ULA_31_1bit:ULA18" ;
+------+-------+----------+---------------------+
; Port ; Type  ; Severity ; Details             ;
+------+-------+----------+---------------------+
; slt  ; Input ; Info     ; Stuck at GND        ;
+------+-------+----------+---------------------+


+-----------------------------------------------+
; Port Connectivity Checks: "ULA_31_1bit:ULA17" ;
+------+-------+----------+---------------------+
; Port ; Type  ; Severity ; Details             ;
+------+-------+----------+---------------------+
; slt  ; Input ; Info     ; Stuck at GND        ;
+------+-------+----------+---------------------+


+-----------------------------------------------+
; Port Connectivity Checks: "ULA_31_1bit:ULA16" ;
+------+-------+----------+---------------------+
; Port ; Type  ; Severity ; Details             ;
+------+-------+----------+---------------------+
; slt  ; Input ; Info     ; Stuck at GND        ;
+------+-------+----------+---------------------+


+-----------------------------------------------+
; Port Connectivity Checks: "ULA_31_1bit:ULA15" ;
+------+-------+----------+---------------------+
; Port ; Type  ; Severity ; Details             ;
+------+-------+----------+---------------------+
; slt  ; Input ; Info     ; Stuck at GND        ;
+------+-------+----------+---------------------+


+-----------------------------------------------+
; Port Connectivity Checks: "ULA_31_1bit:ULA14" ;
+------+-------+----------+---------------------+
; Port ; Type  ; Severity ; Details             ;
+------+-------+----------+---------------------+
; slt  ; Input ; Info     ; Stuck at GND        ;
+------+-------+----------+---------------------+


+-----------------------------------------------+
; Port Connectivity Checks: "ULA_31_1bit:ULA13" ;
+------+-------+----------+---------------------+
; Port ; Type  ; Severity ; Details             ;
+------+-------+----------+---------------------+
; slt  ; Input ; Info     ; Stuck at GND        ;
+------+-------+----------+---------------------+


+-----------------------------------------------+
; Port Connectivity Checks: "ULA_31_1bit:ULA12" ;
+------+-------+----------+---------------------+
; Port ; Type  ; Severity ; Details             ;
+------+-------+----------+---------------------+
; slt  ; Input ; Info     ; Stuck at GND        ;
+------+-------+----------+---------------------+


+-----------------------------------------------+
; Port Connectivity Checks: "ULA_31_1bit:ULA11" ;
+------+-------+----------+---------------------+
; Port ; Type  ; Severity ; Details             ;
+------+-------+----------+---------------------+
; slt  ; Input ; Info     ; Stuck at GND        ;
+------+-------+----------+---------------------+


+-----------------------------------------------+
; Port Connectivity Checks: "ULA_31_1bit:ULA10" ;
+------+-------+----------+---------------------+
; Port ; Type  ; Severity ; Details             ;
+------+-------+----------+---------------------+
; slt  ; Input ; Info     ; Stuck at GND        ;
+------+-------+----------+---------------------+


+----------------------------------------------+
; Port Connectivity Checks: "ULA_31_1bit:ULA9" ;
+------+-------+----------+--------------------+
; Port ; Type  ; Severity ; Details            ;
+------+-------+----------+--------------------+
; slt  ; Input ; Info     ; Stuck at GND       ;
+------+-------+----------+--------------------+


+----------------------------------------------+
; Port Connectivity Checks: "ULA_31_1bit:ULA8" ;
+------+-------+----------+--------------------+
; Port ; Type  ; Severity ; Details            ;
+------+-------+----------+--------------------+
; slt  ; Input ; Info     ; Stuck at GND       ;
+------+-------+----------+--------------------+


+----------------------------------------------+
; Port Connectivity Checks: "ULA_31_1bit:ULA7" ;
+------+-------+----------+--------------------+
; Port ; Type  ; Severity ; Details            ;
+------+-------+----------+--------------------+
; slt  ; Input ; Info     ; Stuck at GND       ;
+------+-------+----------+--------------------+


+----------------------------------------------+
; Port Connectivity Checks: "ULA_31_1bit:ULA6" ;
+------+-------+----------+--------------------+
; Port ; Type  ; Severity ; Details            ;
+------+-------+----------+--------------------+
; slt  ; Input ; Info     ; Stuck at GND       ;
+------+-------+----------+--------------------+


+----------------------------------------------+
; Port Connectivity Checks: "ULA_31_1bit:ULA5" ;
+------+-------+----------+--------------------+
; Port ; Type  ; Severity ; Details            ;
+------+-------+----------+--------------------+
; slt  ; Input ; Info     ; Stuck at GND       ;
+------+-------+----------+--------------------+


+----------------------------------------------+
; Port Connectivity Checks: "ULA_31_1bit:ULA4" ;
+------+-------+----------+--------------------+
; Port ; Type  ; Severity ; Details            ;
+------+-------+----------+--------------------+
; slt  ; Input ; Info     ; Stuck at GND       ;
+------+-------+----------+--------------------+


+----------------------------------------------+
; Port Connectivity Checks: "ULA_31_1bit:ULA3" ;
+------+-------+----------+--------------------+
; Port ; Type  ; Severity ; Details            ;
+------+-------+----------+--------------------+
; slt  ; Input ; Info     ; Stuck at GND       ;
+------+-------+----------+--------------------+


+----------------------------------------------+
; Port Connectivity Checks: "ULA_31_1bit:ULA2" ;
+------+-------+----------+--------------------+
; Port ; Type  ; Severity ; Details            ;
+------+-------+----------+--------------------+
; slt  ; Input ; Info     ; Stuck at GND       ;
+------+-------+----------+--------------------+


+---------------------------------+
; Analysis & Elaboration Messages ;
+---------------------------------+
Info: *******************************************************************
Info: Running Quartus Prime Analysis & Elaboration
    Info: Version 20.1.0 Build 711 06/05/2020 SJ Lite Edition
    Info: Processing started: Fri Nov 18 15:19:07 2022
Info: Command: quartus_map --read_settings_files=on --write_settings_files=off ULAMIPS -c ULAMIPS --analysis_and_elaboration
Warning (18236): Number of processors has not been specified which may cause overloading on shared machines.  Set the global assignment NUM_PARALLEL_PROCESSORS in your QSF to an appropriate value for best performance.
Info (20030): Parallel compilation is enabled and will use 4 of the 4 processors detected
Info (12021): Found 2 design units, including 1 entities, in source file muxgenerico4x1.vhd
    Info (12022): Found design unit 1: muxGenerico4x1-comportamento File: C:/Projetos-Descomp/Entrega-ULAMIPS/muxGenerico4x1.vhd Line: 15
    Info (12023): Found entity 1: muxGenerico4x1 File: C:/Projetos-Descomp/Entrega-ULAMIPS/muxGenerico4x1.vhd Line: 5
Info (12021): Found 2 design units, including 1 entities, in source file ulamips.vhd
    Info (12022): Found design unit 1: ULAMIPS-comportamento File: C:/Projetos-Descomp/Entrega-ULAMIPS/ULAMIPS.vhd Line: 16
    Info (12023): Found entity 1: ULAMIPS File: C:/Projetos-Descomp/Entrega-ULAMIPS/ULAMIPS.vhd Line: 5
Info (12021): Found 2 design units, including 1 entities, in source file ula_32bit.vhd
    Info (12022): Found design unit 1: ULA_32bit-comportamento File: C:/Projetos-Descomp/Entrega-ULAMIPS/ULA_32bit.vhd Line: 20
    Info (12023): Found entity 1: ULA_32bit File: C:/Projetos-Descomp/Entrega-ULAMIPS/ULA_32bit.vhd Line: 5
Info (12021): Found 2 design units, including 1 entities, in source file ula_31_1bit.vhd
    Info (12022): Found design unit 1: ULA_31_1bit-comportamento File: C:/Projetos-Descomp/Entrega-ULAMIPS/ULA_31_1bit.vhd Line: 19
    Info (12023): Found entity 1: ULA_31_1bit File: C:/Projetos-Descomp/Entrega-ULAMIPS/ULA_31_1bit.vhd Line: 5
Info (12021): Found 2 design units, including 1 entities, in source file somadorgenerico_1bit.vhd
    Info (12022): Found design unit 1: somadorGenerico_1bit-comportamento File: C:/Projetos-Descomp/Entrega-ULAMIPS/somadorGenerico_1bit.vhd Line: 17
    Info (12023): Found entity 1: somadorGenerico_1bit File: C:/Projetos-Descomp/Entrega-ULAMIPS/somadorGenerico_1bit.vhd Line: 5
Info (12021): Found 2 design units, including 1 entities, in source file muxgenerico2x1_1bit.vhd
    Info (12022): Found design unit 1: muxGenerico2x1_1bit-comportamento File: C:/Projetos-Descomp/Entrega-ULAMIPS/muxGenerico2x1_1bit.vhd Line: 14
    Info (12023): Found entity 1: muxGenerico2x1_1bit File: C:/Projetos-Descomp/Entrega-ULAMIPS/muxGenerico2x1_1bit.vhd Line: 5
Info (12127): Elaborating entity "ULAMIPS" for the top level hierarchy
Info (12128): Elaborating entity "ULA_31_1bit" for hierarchy "ULA_31_1bit:ULA1" File: C:/Projetos-Descomp/Entrega-ULAMIPS/ULAMIPS.vhd Line: 23
Info (12128): Elaborating entity "muxGenerico2x1_1bit" for hierarchy "ULA_31_1bit:ULA1|muxGenerico2x1_1bit:MUX_INVERTE_B" File: C:/Projetos-Descomp/Entrega-ULAMIPS/ULA_31_1bit.vhd Line: 28
Info (12128): Elaborating entity "somadorGenerico_1bit" for hierarchy "ULA_31_1bit:ULA1|somadorGenerico_1bit:somador_1bit" File: C:/Projetos-Descomp/Entrega-ULAMIPS/ULA_31_1bit.vhd Line: 37
Info (12128): Elaborating entity "muxGenerico4x1" for hierarchy "ULA_31_1bit:ULA1|muxGenerico4x1:MUX_FINAL" File: C:/Projetos-Descomp/Entrega-ULAMIPS/ULA_31_1bit.vhd Line: 46
Info (12128): Elaborating entity "ULA_32bit" for hierarchy "ULA_32bit:ULA32" File: C:/Projetos-Descomp/Entrega-ULAMIPS/ULAMIPS.vhd Line: 396
Info: Quartus Prime Analysis & Elaboration was successful. 0 errors, 1 warning
    Info: Peak virtual memory: 9135 megabytes
    Info: Processing ended: Fri Nov 18 15:19:26 2022
    Info: Elapsed time: 00:00:19
    Info: Total CPU time (on all processors): 00:00:38


